1678926531399	geckodriver	INFO	Listening on 127.0.0.1:63292
1678926534478	mozrunner::runner	INFO	Running command: "C:\\Program Files\\Mozilla Firefox\\firefox.exe" "--marionette" "--headless" "--remote-debugging-port" "632 ... 3" "--remote-allow-hosts" "localhost" "-no-remote" "-profile" "C:\\Users\\13476\\AppData\\Local\\Temp\\rust_mozprofileClVDoy"
*** You are running in headless mode.
1678926535150	Marionette	INFO	Marionette enabled
console.warn: SearchSettings: "get: No settings file exists, new profile?" (new Error("", "(unknown module)"))
DevTools listening on ws://localhost:63293/devtools/browser/f107b555-66ca-4768-ab32-7464f12a96db
1678926536648	Marionette	INFO	Listening on port 63300
1678926537140	Marionette	WARN	TLS certificate errors will be ignored for this session
JavaScript warning: https://opscans.com/wp-content/plugins/madara-core/assets/js/script.js?ver=1.7.1, line 990: unreachable code after return statement
JavaScript warning: https://pagead2.googlesyndication.com/bg/WygWmAr8N2thj-jBdqJCiD6QGZJ45ru74cfJMvWtULI.js line 2 > eval line 6824 > eval line 1 > eval line 1 > eval, line 1: Failed to create WebGL context: WebGL creation failed: 
* Can't use WebGL in headless mode (https://bugzil.la/1375585).
1678926543947	Marionette	INFO	Stopped listening on port 63300
!!! error running onStopped callback: TypeError: callback is not a function
JavaScript error: , line 0: TypeError: NetworkError when attempting to fetch resource.
JavaScript error: resource://gre/modules/Sqlite.jsm, line 1030: Error: Sqlite.jsm has been shutdown. Cannot open connection to: C:\Users\13476\AppData\Local\Temp\rust_mozprofileClVDoy\protections.sqlite
1678926544725	RemoteAgent	ERROR	unable to stop listener: [Exception... "Component returned failure code: 0x8000ffff (NS_ERROR_UNEXPECTED) [nsIWindowMediator.getEnumerator]"  nsresult: "0x8000ffff (NS_ERROR_UNEXPECTED)"  location: "JS frame :: chrome://remote/content/cdp/observers/TargetObserver.jsm :: stop :: line 64"  data: no] Stack trace: stop()@TargetObserver.jsm:64
unwatchForTabs()@TargetList.jsm:70
unwatchForTargets()@TargetList.jsm:37
destructor()@TargetList.jsm:109
close()@RemoteAgent.jsm:136
1678926614645	geckodriver	INFO	Listening on 127.0.0.1:49650
1678926617703	mozrunner::runner	INFO	Running command: "C:\\Program Files\\Mozilla Firefox\\firefox.exe" "--marionette" "--headless" "--remote-debugging-port" "496 ... 1" "--remote-allow-hosts" "localhost" "-no-remote" "-profile" "C:\\Users\\13476\\AppData\\Local\\Temp\\rust_mozprofileHLYXYy"
*** You are running in headless mode.
1678926618100	Marionette	INFO	Marionette enabled
console.warn: SearchSettings: "get: No settings file exists, new profile?" (new Error("", "(unknown module)"))
DevTools listening on ws://localhost:49651/devtools/browser/fe11f8e1-d99b-4b79-99d4-42dd1ebb7710
1678926619608	Marionette	INFO	Listening on port 49656
1678926619771	Marionette	WARN	TLS certificate errors will be ignored for this session
JavaScript warning: https://opscans.com/wp-content/plugins/madara-core/assets/js/script.js?ver=1.7.1, line 990: unreachable code after return statement
JavaScript warning: https://pagead2.googlesyndication.com/bg/WygWmAr8N2thj-jBdqJCiD6QGZJ45ru74cfJMvWtULI.js line 2 > eval line 7109 > eval line 1 > eval line 1 > eval, line 1: Failed to create WebGL context: WebGL creation failed: 
* Can't use WebGL in headless mode (https://bugzil.la/1375585).
JavaScript warning: https://pagead2.googlesyndication.com/bg/WygWmAr8N2thj-jBdqJCiD6QGZJ45ru74cfJMvWtULI.js line 2 > eval line 3004 > eval line 1 > eval line 1 > eval, line 1: Failed to create WebGL context: WebGL creation failed: 
* Can't use WebGL in headless mode (https://bugzil.la/1375585).
1678926625512	Marionette	INFO	Stopped listening on port 49656
!!! error running onStopped callback: TypeError: callback is not a function
JavaScript error: , line 0: TypeError: NetworkError when attempting to fetch resource.
JavaScript error: , line 0: TypeError: NetworkError when attempting to fetch resource.
JavaScript error: , line 0: TypeError: NetworkError when attempting to fetch resource.

###!!! [Child][MessageChannel] Error: (msgtype=0x3A0141,name=PContent::Msg_ScriptError) Channel closing: too late to send/recv, messages will be lost


###!!! [Child][MessageChannel] Error: (msgtype=0x3A0141,name=PContent::Msg_ScriptError) Channel closing: too late to send/recv, messages will be lost


###!!! [Child][MessageChannel] Error: (msgtype=0x3A0141,name=PContent::Msg_ScriptError) Channel closing: too late to send/recv, messages will be lost

JavaScript error: resource://gre/modules/Sqlite.jsm, line 1030: Error: Sqlite.jsm has been shutdown. Cannot open connection to: C:\Users\13476\AppData\Local\Temp\rust_mozprofileHLYXYy\protections.sqlite
1678926625958	RemoteAgent	ERROR	unable to stop listener: [Exception... "Component returned failure code: 0x8000ffff (NS_ERROR_UNEXPECTED) [nsIWindowMediator.getEnumerator]"  nsresult: "0x8000ffff (NS_ERROR_UNEXPECTED)"  location: "JS frame :: chrome://remote/content/cdp/observers/TargetObserver.jsm :: stop :: line 64"  data: no] Stack trace: stop()@TargetObserver.jsm:64
unwatchForTabs()@TargetList.jsm:70
unwatchForTargets()@TargetList.jsm:37
destructor()@TargetList.jsm:109
close()@RemoteAgent.jsm:136
1678927561309	geckodriver	INFO	Listening on 127.0.0.1:52715
1678927564371	mozrunner::runner	INFO	Running command: "C:\\Program Files\\Mozilla Firefox\\firefox.exe" "--marionette" "--headless" "--remote-debugging-port" "527 ... 6" "--remote-allow-hosts" "localhost" "-no-remote" "-profile" "C:\\Users\\13476\\AppData\\Local\\Temp\\rust_mozprofileclPbHT"
*** You are running in headless mode.
1678927564972	Marionette	INFO	Marionette enabled
console.warn: SearchSettings: "get: No settings file exists, new profile?" (new Error("", "(unknown module)"))
DevTools listening on ws://localhost:52716/devtools/browser/f043f9fa-72a5-421c-8db2-b4dd0bc6fb11
1678927566445	Marionette	INFO	Listening on port 52721
1678927566551	Marionette	WARN	TLS certificate errors will be ignored for this session
JavaScript warning: https://opscans.com/wp-content/plugins/madara-core/assets/js/script.js?ver=1.7.1, line 990: unreachable code after return statement
JavaScript warning: https://pagead2.googlesyndication.com/bg/WygWmAr8N2thj-jBdqJCiD6QGZJ45ru74cfJMvWtULI.js line 2 > eval line 2138 > eval line 1 > eval line 1 > eval, line 1: Failed to create WebGL context: WebGL creation failed: 
* Can't use WebGL in headless mode (https://bugzil.la/1375585).
1678927573173	Marionette	INFO	Stopped listening on port 52721
!!! error running onStopped callback: TypeError: callback is not a function
JavaScript error: resource://gre/modules/AsyncShutdown.jsm, line 718: Error: Phase "Sqlite.jsm: wait until all connections are closed" is finished, it is too late to register completion condition "protections.sqlite#0: waiting for shutdown"
1678927573574	RemoteAgent	ERROR	unable to stop listener: [Exception... "Component returned failure code: 0x8000ffff (NS_ERROR_UNEXPECTED) [nsIWindowMediator.getEnumerator]"  nsresult: "0x8000ffff (NS_ERROR_UNEXPECTED)"  location: "JS frame :: chrome://remote/content/cdp/observers/TargetObserver.jsm :: stop :: line 64"  data: no] Stack trace: stop()@TargetObserver.jsm:64
unwatchForTabs()@TargetList.jsm:70
unwatchForTargets()@TargetList.jsm:37
destructor()@TargetList.jsm:109
close()@RemoteAgent.jsm:136
1678927914393	geckodriver	INFO	Listening on 127.0.0.1:62897
1678927917420	mozrunner::runner	INFO	Running command: "C:\\Program Files\\Mozilla Firefox\\firefox.exe" "--marionette" "--headless" "--remote-debugging-port" "628 ... 8" "--remote-allow-hosts" "localhost" "-no-remote" "-profile" "C:\\Users\\13476\\AppData\\Local\\Temp\\rust_mozprofileeB2ofW"
*** You are running in headless mode.
1678927917811	Marionette	INFO	Marionette enabled
console.warn: SearchSettings: "get: No settings file exists, new profile?" (new Error("", "(unknown module)"))
DevTools listening on ws://localhost:62898/devtools/browser/abf8e4bd-e74e-4630-bb1b-ff4bb0af7a64
1678927919063	Marionette	INFO	Listening on port 62903
1678927919499	Marionette	WARN	TLS certificate errors will be ignored for this session
JavaScript warning: https://opscans.com/wp-content/plugins/madara-core/assets/js/script.js?ver=1.7.1, line 990: unreachable code after return statement
JavaScript warning: https://pagead2.googlesyndication.com/bg/WygWmAr8N2thj-jBdqJCiD6QGZJ45ru74cfJMvWtULI.js line 2 > eval line 5343 > eval line 1 > eval line 1 > eval, line 1: Failed to create WebGL context: WebGL creation failed: 
* Can't use WebGL in headless mode (https://bugzil.la/1375585).
1678927924428	Marionette	INFO	Stopped listening on port 62903
!!! error running onStopped callback: TypeError: callback is not a function
JavaScript error: resource://gre/modules/Sqlite.jsm, line 1030: Error: Sqlite.jsm has been shutdown. Cannot open connection to: C:\Users\13476\AppData\Local\Temp\rust_mozprofileeB2ofW\protections.sqlite
1678927925244	RemoteAgent	ERROR	unable to stop listener: [Exception... "Component returned failure code: 0x8000ffff (NS_ERROR_UNEXPECTED) [nsIWindowMediator.getEnumerator]"  nsresult: "0x8000ffff (NS_ERROR_UNEXPECTED)"  location: "JS frame :: chrome://remote/content/cdp/observers/TargetObserver.jsm :: stop :: line 64"  data: no] Stack trace: stop()@TargetObserver.jsm:64
unwatchForTabs()@TargetList.jsm:70
unwatchForTargets()@TargetList.jsm:37
destructor()@TargetList.jsm:109
close()@RemoteAgent.jsm:136
1679151388656	geckodriver	INFO	Listening on 127.0.0.1:51080
1679151391695	mozrunner::runner	INFO	Running command: "C:\\Program Files\\Mozilla Firefox\\firefox.exe" "--marionette" "--headless" "--remote-debugging-port" "510 ... 1" "--remote-allow-hosts" "localhost" "-no-remote" "-profile" "C:\\Users\\typel\\AppData\\Local\\Temp\\rust_mozprofile5n7CkS"
*** You are running in headless mode.
1679151392673	Marionette	INFO	Marionette enabled
1679151392677	Marionette	INFO	Listening on port 51094
Read port: 51094
WebDriver BiDi listening on ws://127.0.0.1:51081
1679151392767	RemoteAgent	WARN	TLS certificate errors will be ignored for this session
[GFX1-]: RenderCompositorSWGL failed mapping default framebuffer, no dt
console.warn: SearchSettings: "get: No settings file exists, new profile?" (new NotFoundError("Could not open the file at C:\\Users\\typel\\AppData\\Local\\Temp\\rust_mozprofile5n7CkS\\search.json.mozlz4", (void 0)))
DevTools listening on ws://127.0.0.1:51081/devtools/browser/b38c5138-4efd-4db7-acd0-7dc05b0402de
JavaScript warning: https://opscans.com/wp-content/plugins/madara-core/assets/js/script.js?ver=1.7.1, line 990: unreachable code after return statement
JavaScript warning: https://pagead2.googlesyndication.com/bg/KyjXC9Dx9uMdK4CVFqApFSHrXMqYgfemPqOIhuZsvtM.js line 2 > eval line 3184 > eval line 1 > eval line 1 > eval, line 1: WEBGL_debug_renderer_info is deprecated in Firefox and will be removed. Please use RENDERER.
JavaScript warning: https://pagead2.googlesyndication.com/bg/n7KdSiWJFgbDLHajlxoGzrM9J1DJZleIE0kt7I04uFE.js line 2 > eval line 2142 > eval line 1 > eval line 1 > eval, line 1: WEBGL_debug_renderer_info is deprecated in Firefox and will be removed. Please use RENDERER.
1679151398087	Marionette	INFO	Stopped listening on port 51094
JavaScript error: , line 0: TypeError: NetworkError when attempting to fetch resource.
JavaScript error: , line 0: TypeError: NetworkError when attempting to fetch resource.
JavaScript error: , line 0: TypeError: NetworkError when attempting to fetch resource.
JavaScript error: , line 0: TypeError: NetworkError when attempting to fetch resource.
JavaScript error: , line 0: TypeError: NetworkError when attempting to fetch resource.
JavaScript error: , line 0: TypeError: NetworkError when attempting to fetch resource.
1679152133476	geckodriver	INFO	Listening on 127.0.0.1:55061
1679152136509	mozrunner::runner	INFO	Running command: "C:\\Program Files\\Mozilla Firefox\\firefox.exe" "--marionette" "--headless" "--remote-debugging-port" "550 ... 2" "--remote-allow-hosts" "localhost" "-no-remote" "-profile" "C:\\Users\\typel\\AppData\\Local\\Temp\\rust_mozprofileMhOtQx"
*** You are running in headless mode.
1679152136729	Marionette	INFO	Marionette enabled
1679152136732	Marionette	INFO	Listening on port 55071
WebDriver BiDi listening on ws://127.0.0.1:55062
Read port: 55071
1679152136885	RemoteAgent	WARN	TLS certificate errors will be ignored for this session
[GFX1-]: RenderCompositorSWGL failed mapping default framebuffer, no dt
console.warn: SearchSettings: "get: No settings file exists, new profile?" (new NotFoundError("Could not open the file at C:\\Users\\typel\\AppData\\Local\\Temp\\rust_mozprofileMhOtQx\\search.json.mozlz4", (void 0)))
DevTools listening on ws://127.0.0.1:55062/devtools/browser/da32fe9c-ec3a-4eaa-9144-c9759353351d
JavaScript warning: https://opscans.com/wp-content/plugins/madara-core/assets/js/script.js?ver=1.7.1, line 990: unreachable code after return statement
JavaScript warning: https://pagead2.googlesyndication.com/bg/KyjXC9Dx9uMdK4CVFqApFSHrXMqYgfemPqOIhuZsvtM.js line 2 > eval line 2095 > eval line 1 > eval line 1 > eval, line 1: WEBGL_debug_renderer_info is deprecated in Firefox and will be removed. Please use RENDERER.
JavaScript warning: https://pagead2.googlesyndication.com/bg/n7KdSiWJFgbDLHajlxoGzrM9J1DJZleIE0kt7I04uFE.js line 2 > eval line 4166 > eval line 1 > eval line 1 > eval, line 1: WEBGL_debug_renderer_info is deprecated in Firefox and will be removed. Please use RENDERER.
JavaScript warning: https://pagead2.googlesyndication.com/bg/n7KdSiWJFgbDLHajlxoGzrM9J1DJZleIE0kt7I04uFE.js line 2 > eval line 3067 > eval line 1 > eval line 1 > eval, line 1: WEBGL_debug_renderer_info is deprecated in Firefox and will be removed. Please use RENDERER.
JavaScript warning: https://pagead2.googlesyndication.com/bg/n7KdSiWJFgbDLHajlxoGzrM9J1DJZleIE0kt7I04uFE.js line 2 > eval line 7727 > eval line 1 > eval line 1 > eval, line 1: WEBGL_debug_renderer_info is deprecated in Firefox and will be removed. Please use RENDERER.
JavaScript warning: https://pagead2.googlesyndication.com/bg/n7KdSiWJFgbDLHajlxoGzrM9J1DJZleIE0kt7I04uFE.js line 2 > eval line 6487 > eval line 1 > eval line 1 > eval, line 1: WEBGL_debug_renderer_info is deprecated in Firefox and will be removed. Please use RENDERER.
1679152142237	Marionette	INFO	Stopped listening on port 55071
JavaScript error: , line 0: TypeError: NetworkError when attempting to fetch resource.
JavaScript error: , line 0: TypeError: NetworkError when attempting to fetch resource.
JavaScript error: , line 0: TypeError: NetworkError when attempting to fetch resource.
1679153225426	geckodriver	INFO	Listening on 127.0.0.1:61285
1679153228467	mozrunner::runner	INFO	Running command: "C:\\Program Files\\Mozilla Firefox\\firefox.exe" "--marionette" "--headless" "--remote-debugging-port" "612 ... 6" "--remote-allow-hosts" "localhost" "-no-remote" "-profile" "C:\\Users\\typel\\AppData\\Local\\Temp\\rust_mozprofileRAUpSr"
*** You are running in headless mode.
1679153228681	Marionette	INFO	Marionette enabled
1679153228684	Marionette	INFO	Listening on port 61295
WebDriver BiDi listening on ws://127.0.0.1:61286
Read port: 61295
1679153228841	RemoteAgent	WARN	TLS certificate errors will be ignored for this session
[GFX1-]: RenderCompositorSWGL failed mapping default framebuffer, no dt
console.warn: SearchSettings: "get: No settings file exists, new profile?" (new NotFoundError("Could not open the file at C:\\Users\\typel\\AppData\\Local\\Temp\\rust_mozprofileRAUpSr\\search.json.mozlz4", (void 0)))
DevTools listening on ws://127.0.0.1:61286/devtools/browser/e4586f63-5d63-479d-9c6d-f61b1aabaa1e
JavaScript warning: https://opscans.com/wp-content/plugins/madara-core/assets/js/script.js?ver=1.7.1, line 990: unreachable code after return statement
JavaScript warning: https://pagead2.googlesyndication.com/bg/KyjXC9Dx9uMdK4CVFqApFSHrXMqYgfemPqOIhuZsvtM.js line 2 > eval line 922 > eval line 1 > eval line 1 > eval, line 1: WEBGL_debug_renderer_info is deprecated in Firefox and will be removed. Please use RENDERER.
JavaScript warning: https://pagead2.googlesyndication.com/bg/n7KdSiWJFgbDLHajlxoGzrM9J1DJZleIE0kt7I04uFE.js line 2 > eval line 7520 > eval line 1 > eval line 1 > eval, line 1: WEBGL_debug_renderer_info is deprecated in Firefox and will be removed. Please use RENDERER.
JavaScript warning: https://pagead2.googlesyndication.com/bg/n7KdSiWJFgbDLHajlxoGzrM9J1DJZleIE0kt7I04uFE.js line 2 > eval line 7240 > eval line 1 > eval line 1 > eval, line 1: WEBGL_debug_renderer_info is deprecated in Firefox and will be removed. Please use RENDERER.
JavaScript warning: https://pagead2.googlesyndication.com/bg/n7KdSiWJFgbDLHajlxoGzrM9J1DJZleIE0kt7I04uFE.js line 2 > eval line 1682 > eval line 1 > eval line 1 > eval, line 1: WEBGL_debug_renderer_info is deprecated in Firefox and will be removed. Please use RENDERER.
JavaScript warning: https://pagead2.googlesyndication.com/bg/n7KdSiWJFgbDLHajlxoGzrM9J1DJZleIE0kt7I04uFE.js line 2 > eval line 1437 > eval line 1 > eval line 1 > eval, line 1: WEBGL_debug_renderer_info is deprecated in Firefox and will be removed. Please use RENDERER.
JavaScript warning: https://pagead2.googlesyndication.com/bg/n7KdSiWJFgbDLHajlxoGzrM9J1DJZleIE0kt7I04uFE.js line 2 > eval line 6110 > eval line 1 > eval line 1 > eval, line 1: WEBGL_debug_renderer_info is deprecated in Firefox and will be removed. Please use RENDERER.
1679153233512	Marionette	INFO	Stopped listening on port 61295
JavaScript error: , line 0: TypeError: NetworkError when attempting to fetch resource.
JavaScript error: , line 0: TypeError: NetworkError when attempting to fetch resource.
1679160941000	geckodriver	INFO	Listening on 127.0.0.1:55094
1679160944033	mozrunner::runner	INFO	Running command: "C:\\Program Files\\Mozilla Firefox\\firefox.exe" "--marionette" "--headless" "--remote-debugging-port" "550 ... 5" "--remote-allow-hosts" "localhost" "-no-remote" "-profile" "C:\\Users\\typel\\AppData\\Local\\Temp\\rust_mozprofileWDyIL6"
*** You are running in headless mode.
1679160944239	Marionette	INFO	Marionette enabled
1679160944242	Marionette	INFO	Listening on port 53999
Read port: 53999
WebDriver BiDi listening on ws://127.0.0.1:55095
1679160944293	RemoteAgent	WARN	TLS certificate errors will be ignored for this session
[GFX1-]: RenderCompositorSWGL failed mapping default framebuffer, no dt
console.warn: SearchSettings: "get: No settings file exists, new profile?" (new NotFoundError("Could not open the file at C:\\Users\\typel\\AppData\\Local\\Temp\\rust_mozprofileWDyIL6\\search.json.mozlz4", (void 0)))
DevTools listening on ws://127.0.0.1:55095/devtools/browser/64778eb1-7deb-4614-a841-100d1976461b
JavaScript warning: https://opscans.com/wp-content/plugins/madara-core/assets/js/script.js?ver=1.7.1, line 990: unreachable code after return statement
JavaScript warning: https://pagead2.googlesyndication.com/bg/KyjXC9Dx9uMdK4CVFqApFSHrXMqYgfemPqOIhuZsvtM.js line 2 > eval line 3568 > eval line 1 > eval line 1 > eval, line 1: WEBGL_debug_renderer_info is deprecated in Firefox and will be removed. Please use RENDERER.
JavaScript error: https://imasdk.googleapis.com/formats/outstream/versioned/prod2/outstream_web_client_20230313_RC00/outstream.min.js, line 612: Error: lima_error_fetching_ad: Response string is not a valid VAST document.
JavaScript warning: https://pagead2.googlesyndication.com/bg/n7KdSiWJFgbDLHajlxoGzrM9J1DJZleIE0kt7I04uFE.js line 2 > eval line 3910 > eval line 1 > eval line 1 > eval, line 1: WEBGL_debug_renderer_info is deprecated in Firefox and will be removed. Please use RENDERER.
JavaScript warning: https://pagead2.googlesyndication.com/bg/n7KdSiWJFgbDLHajlxoGzrM9J1DJZleIE0kt7I04uFE.js line 2 > eval line 5184 > eval line 1 > eval line 1 > eval, line 1: WEBGL_debug_renderer_info is deprecated in Firefox and will be removed. Please use RENDERER.
JavaScript warning: https://pagead2.googlesyndication.com/bg/n7KdSiWJFgbDLHajlxoGzrM9J1DJZleIE0kt7I04uFE.js line 2 > eval line 3025 > eval line 1 > eval line 1 > eval, line 1: WEBGL_debug_renderer_info is deprecated in Firefox and will be removed. Please use RENDERER.
JavaScript warning: https://pagead2.googlesyndication.com/bg/n7KdSiWJFgbDLHajlxoGzrM9J1DJZleIE0kt7I04uFE.js line 2 > eval line 2485 > eval line 1 > eval line 1 > eval, line 1: WEBGL_debug_renderer_info is deprecated in Firefox and will be removed. Please use RENDERER.
JavaScript warning: https://pagead2.googlesyndication.com/bg/KyjXC9Dx9uMdK4CVFqApFSHrXMqYgfemPqOIhuZsvtM.js line 2 > eval line 6994 > eval line 1 > eval line 1 > eval, line 1: WEBGL_debug_renderer_info is deprecated in Firefox and will be removed. Please use RENDERER.
1679160949776	Marionette	INFO	Stopped listening on port 53999
JavaScript error: , line 0: TypeError: NetworkError when attempting to fetch resource.
JavaScript error: , line 0: TypeError: NetworkError when attempting to fetch resource.
